Timing Violation Report Min Delay Analysis

SmartTime Version v11.9 SP3
Microsemi Corporation - Microsemi Libero Software Release v11.9 SP3 (Version 11.9.3.5)
Date: Tue May 14 12:47:18 2019


Design: Toplevel
Family: ProASIC3
Die: A3P250
Package: 100 VQFP
Temperature Range: 0 - 70 C
Voltage Range: 1.425 - 1.575 V
Speed Grade: STD
Design State: Post-Layout
Data source: Silicon verified
Min Operating Conditions: BEST - 1.575 V - 0 C
Max Operating Conditions: WORST - 1.425 V - 70 C
Using Enhanced Min Delay Analysis
Scenario for Timing Analysis: Primary


Path 1
  From:                  Microcontroller_0/Data_Saving_0/FPGABuffer_0/DFN1C0_7:CLK
  To:                    Microcontroller_0/Data_Saving_0/FPGABuffer_0/\\DFN1C0_WGRYSYNC[12]\\:D
  Delay (ns):            0.324
  Slack (ns):            0.253
  Arrival (ns):          1.831
  Required (ns):         1.578

Path 2
  From:                  Microcontroller_0/Data_Saving_0/FPGABuffer_0/DFN1C0_18:CLK
  To:                    Microcontroller_0/Data_Saving_0/FPGABuffer_0/\\DFN1C0_RGRYSYNC[10]\\:D
  Delay (ns):            0.324
  Slack (ns):            0.260
  Arrival (ns):          1.851
  Required (ns):         1.591

Path 3
  From:                  FFU_Command_Checker_0/command_out[7]:CLK
  To:                    General_Controller_0/s_command[7]:D
  Delay (ns):            0.324
  Slack (ns):            0.262
  Arrival (ns):          1.866
  Required (ns):         1.604

Path 4
  From:                  Communications_0/UC_UART/make_RX/rx_shift[1]:CLK
  To:                    Communications_0/UC_UART/make_RX/rx_byte_xhdl5[1]:D
  Delay (ns):            0.360
  Slack (ns):            0.286
  Arrival (ns):          1.919
  Required (ns):         1.633

Path 5
  From:                  Communications_0/UC_UART/make_RX/rx_byte_xhdl5[6]:CLK
  To:                    Microcontroller_0/uC_Status_0/read_byte[6]:D
  Delay (ns):            0.324
  Slack (ns):            0.287
  Arrival (ns):          1.872
  Required (ns):         1.585

Path 6
  From:                  Communications_0/UC_UART/make_RX/rx_byte_xhdl5[7]:CLK
  To:                    Microcontroller_0/uC_Status_0/read_byte[7]:D
  Delay (ns):            0.324
  Slack (ns):            0.287
  Arrival (ns):          1.872
  Required (ns):         1.585

Path 7
  From:                  Microcontroller_0/Data_Saving_0/FPGABuffer_0/DFN1C0_24:CLK
  To:                    Microcontroller_0/Data_Saving_0/FPGABuffer_0/\\DFN1C0_RGRYSYNC[7]\\:D
  Delay (ns):            0.327
  Slack (ns):            0.291
  Arrival (ns):          1.890
  Required (ns):         1.599

Path 8
  From:                  Communications_0/RMU_UART/make_RX/rx_shift[1]:CLK
  To:                    Communications_0/RMU_UART/make_RX/rx_byte_xhdl5[1]:D
  Delay (ns):            0.349
  Slack (ns):            0.293
  Arrival (ns):          1.897
  Required (ns):         1.604

Path 9
  From:                  FFU_Command_Checker_0/command_out[3]:CLK
  To:                    General_Controller_0/s_command[3]:D
  Delay (ns):            0.324
  Slack (ns):            0.294
  Arrival (ns):          1.898
  Required (ns):         1.604

Path 10
  From:                  Communications_0/RMU_UART/make_RX/rx_byte_xhdl5[5]:CLK
  To:                    FFU_Command_Checker_0/command_out[5]:D
  Delay (ns):            0.350
  Slack (ns):            0.294
  Arrival (ns):          1.898
  Required (ns):         1.604

Path 11
  From:                  FFU_Command_Checker_0/command_out[5]:CLK
  To:                    General_Controller_0/s_command[5]:D
  Delay (ns):            0.324
  Slack (ns):            0.294
  Arrival (ns):          1.898
  Required (ns):         1.604

Path 12
  From:                  Communications_0/RMU_UART/make_RX/rx_shift[0]:CLK
  To:                    Communications_0/RMU_UART/make_RX/rx_byte_xhdl5[0]:D
  Delay (ns):            0.324
  Slack (ns):            0.294
  Arrival (ns):          1.898
  Required (ns):         1.604

Path 13
  From:                  FFU_Command_Checker_0/command_out[4]:CLK
  To:                    General_Controller_0/s_command[4]:D
  Delay (ns):            0.324
  Slack (ns):            0.294
  Arrival (ns):          1.898
  Required (ns):         1.604

Path 14
  From:                  FFU_Command_Checker_0/command_out[1]:CLK
  To:                    General_Controller_0/s_command[1]:D
  Delay (ns):            0.324
  Slack (ns):            0.294
  Arrival (ns):          1.898
  Required (ns):         1.604

Path 15
  From:                  Communications_0/RMU_UART/tx_hold_reg[0]:CLK
  To:                    Communications_0/RMU_UART/make_TX/tx_byte[0]:D
  Delay (ns):            0.324
  Slack (ns):            0.296
  Arrival (ns):          1.859
  Required (ns):         1.563

Path 16
  From:                  Microcontroller_0/Data_Saving_0/FPGABuffer_0/DFN1C0_5:CLK
  To:                    Microcontroller_0/Data_Saving_0/FPGABuffer_0/\\DFN1C0_WGRYSYNC[10]\\:D
  Delay (ns):            0.324
  Slack (ns):            0.296
  Arrival (ns):          1.874
  Required (ns):         1.578

Path 17
  From:                  Microcontroller_0/Data_Saving_0/FPGABuffer_0/DFN1C0_20:CLK
  To:                    Microcontroller_0/Data_Saving_0/FPGABuffer_0/\\DFN1C0_RGRYSYNC[12]\\:D
  Delay (ns):            0.324
  Slack (ns):            0.297
  Arrival (ns):          1.888
  Required (ns):         1.591

Path 18
  From:                  Microcontroller_0/Data_Saving_0/FPGABuffer_0/DFN1C0_3:CLK
  To:                    Microcontroller_0/Data_Saving_0/FPGABuffer_0/\\DFN1C0_RGRYSYNC[9]\\:D
  Delay (ns):            0.324
  Slack (ns):            0.297
  Arrival (ns):          1.888
  Required (ns):         1.591

Path 19
  From:                  Microcontroller_0/Data_Saving_0/FPGABuffer_0/DFN1C0_9:CLK
  To:                    Microcontroller_0/Data_Saving_0/FPGABuffer_0/\\DFN1C0_RGRYSYNC[8]\\:D
  Delay (ns):            0.324
  Slack (ns):            0.297
  Arrival (ns):          1.888
  Required (ns):         1.591

Path 20
  From:                  Microcontroller_0/Data_Saving_0/FPGABuffer_0/DFN1C0_0:CLK
  To:                    Microcontroller_0/Data_Saving_0/FPGABuffer_0/\\DFN1C0_RGRYSYNC[11]\\:D
  Delay (ns):            0.324
  Slack (ns):            0.297
  Arrival (ns):          1.888
  Required (ns):         1.591

Path 21
  From:                  Communications_0/UC_UART/make_RX/rx_shift[0]:CLK
  To:                    Communications_0/UC_UART/make_RX/rx_byte_xhdl5[0]:D
  Delay (ns):            0.324
  Slack (ns):            0.298
  Arrival (ns):          1.883
  Required (ns):         1.585

Path 22
  From:                  Communications_0/UC_UART/make_RX/rx_byte_xhdl5[4]:CLK
  To:                    Microcontroller_0/uC_Status_0/read_byte[4]:D
  Delay (ns):            0.324
  Slack (ns):            0.298
  Arrival (ns):          1.883
  Required (ns):         1.585

Path 23
  From:                  Communications_0/UC_UART/make_RX/rx_byte_xhdl5[5]:CLK
  To:                    Microcontroller_0/uC_Status_0/read_byte[5]:D
  Delay (ns):            0.324
  Slack (ns):            0.298
  Arrival (ns):          1.883
  Required (ns):         1.585

Path 24
  From:                  Status_Readout_0/send[1]:CLK
  To:                    Communications_0/RMU_UART/tx_hold_reg[1]:D
  Delay (ns):            0.324
  Slack (ns):            0.300
  Arrival (ns):          1.873
  Required (ns):         1.573

Path 25
  From:                  Communications_0/RMU_UART/tx_hold_reg[5]:CLK
  To:                    Communications_0/RMU_UART/make_TX/tx_byte[5]:D
  Delay (ns):            0.324
  Slack (ns):            0.300
  Arrival (ns):          1.873
  Required (ns):         1.573

Path 26
  From:                  Communications_0/RMU_UART/tx_hold_reg[1]:CLK
  To:                    Communications_0/RMU_UART/make_TX/tx_byte[1]:D
  Delay (ns):            0.324
  Slack (ns):            0.300
  Arrival (ns):          1.873
  Required (ns):         1.573

Path 27
  From:                  Communications_0/UC_UART/make_RX/rx_byte_xhdl5[3]:CLK
  To:                    Microcontroller_0/uC_Status_0/read_byte_0[3]:D
  Delay (ns):            0.324
  Slack (ns):            0.300
  Arrival (ns):          1.921
  Required (ns):         1.621

Path 28
  From:                  Communications_0/RMU_UART/tx_hold_reg[3]:CLK
  To:                    Communications_0/RMU_UART/make_TX/tx_byte[3]:D
  Delay (ns):            0.324
  Slack (ns):            0.300
  Arrival (ns):          1.873
  Required (ns):         1.573

Path 29
  From:                  Status_Readout_0/send[3]:CLK
  To:                    Communications_0/RMU_UART/tx_hold_reg[3]:D
  Delay (ns):            0.324
  Slack (ns):            0.300
  Arrival (ns):          1.873
  Required (ns):         1.573

Path 30
  From:                  Status_Readout_0/send[5]:CLK
  To:                    Communications_0/RMU_UART/tx_hold_reg[5]:D
  Delay (ns):            0.324
  Slack (ns):            0.300
  Arrival (ns):          1.873
  Required (ns):         1.573

Path 31
  From:                  Microcontroller_0/Data_Saving_0/FPGABuffer_0/DFN1C0_23:CLK
  To:                    Microcontroller_0/Data_Saving_0/FPGABuffer_0/\\DFN1C0_RGRYSYNC[3]\\:D
  Delay (ns):            0.324
  Slack (ns):            0.301
  Arrival (ns):          1.872
  Required (ns):         1.571

Path 32
  From:                  Status_Readout_0/send[2]:CLK
  To:                    Communications_0/RMU_UART/tx_hold_reg[2]:D
  Delay (ns):            0.324
  Slack (ns):            0.302
  Arrival (ns):          1.865
  Required (ns):         1.563

Path 33
  From:                  Status_Readout_0/send[6]:CLK
  To:                    Communications_0/RMU_UART/tx_hold_reg[6]:D
  Delay (ns):            0.324
  Slack (ns):            0.302
  Arrival (ns):          1.865
  Required (ns):         1.563

Path 34
  From:                  Communications_0/RMU_UART/tx_hold_reg[6]:CLK
  To:                    Communications_0/RMU_UART/make_TX/tx_byte[6]:D
  Delay (ns):            0.324
  Slack (ns):            0.302
  Arrival (ns):          1.865
  Required (ns):         1.563

Path 35
  From:                  Communications_0/RMU_UART/tx_hold_reg[2]:CLK
  To:                    Communications_0/RMU_UART/make_TX/tx_byte[2]:D
  Delay (ns):            0.324
  Slack (ns):            0.302
  Arrival (ns):          1.865
  Required (ns):         1.563

Path 36
  From:                  FFU_Command_Checker_0/command_out[2]:CLK
  To:                    General_Controller_0/s_command[2]:D
  Delay (ns):            0.324
  Slack (ns):            0.302
  Arrival (ns):          1.866
  Required (ns):         1.564

Path 37
  From:                  FFU_Command_Checker_0/command_out[6]:CLK
  To:                    General_Controller_0/s_command[6]:D
  Delay (ns):            0.324
  Slack (ns):            0.302
  Arrival (ns):          1.866
  Required (ns):         1.564

Path 38
  From:                  Microcontroller_0/Data_Saving_0/FPGABuffer_0/DFN1C0_26:CLK
  To:                    Microcontroller_0/Data_Saving_0/FPGABuffer_0/\\DFN1C0_WGRYSYNC[8]\\:D
  Delay (ns):            0.324
  Slack (ns):            0.303
  Arrival (ns):          1.836
  Required (ns):         1.533

Path 39
  From:                  Microcontroller_0/Data_Saving_0/FPGABuffer_0/DFN1C0_8:CLK
  To:                    Microcontroller_0/Data_Saving_0/FPGABuffer_0/\\DFN1C0_WGRYSYNC[2]\\:D
  Delay (ns):            0.324
  Slack (ns):            0.303
  Arrival (ns):          1.834
  Required (ns):         1.531

Path 40
  From:                  Microcontroller_0/Data_Saving_0/FPGABuffer_0/DFN1C0_14:CLK
  To:                    Microcontroller_0/Data_Saving_0/FPGABuffer_0/\\DFN1C0_RGRYSYNC[0]\\:D
  Delay (ns):            0.324
  Slack (ns):            0.303
  Arrival (ns):          1.864
  Required (ns):         1.561

Path 41
  From:                  Microcontroller_0/Data_Saving_0/FPGABuffer_0/DFN1C0_17:CLK
  To:                    Microcontroller_0/Data_Saving_0/FPGABuffer_0/\\DFN1C0_RGRYSYNC[4]\\:D
  Delay (ns):            0.324
  Slack (ns):            0.303
  Arrival (ns):          1.864
  Required (ns):         1.561

Path 42
  From:                  Microcontroller_0/Data_Saving_0/FPGABuffer_0/DFN1C0_13:CLK
  To:                    Microcontroller_0/Data_Saving_0/FPGABuffer_0/\\DFN1C0_RGRYSYNC[6]\\:D
  Delay (ns):            0.327
  Slack (ns):            0.303
  Arrival (ns):          1.880
  Required (ns):         1.577

Path 43
  From:                  Microcontroller_0/Data_Saving_0/FPGABuffer_0/DFN1C0_19:CLK
  To:                    Microcontroller_0/Data_Saving_0/FPGABuffer_0/\\DFN1C0_WGRYSYNC[4]\\:D
  Delay (ns):            0.324
  Slack (ns):            0.303
  Arrival (ns):          1.836
  Required (ns):         1.533

Path 44
  From:                  Microcontroller_0/Data_Saving_0/FPGABuffer_0/DFN1C0_2:CLK
  To:                    Microcontroller_0/Data_Saving_0/FPGABuffer_0/\\DFN1C0_WGRYSYNC[1]\\:D
  Delay (ns):            0.324
  Slack (ns):            0.303
  Arrival (ns):          1.834
  Required (ns):         1.531

Path 45
  From:                  Microcontroller_0/Data_Saving_0/FPGABuffer_0/DFN1C0_22:CLK
  To:                    Microcontroller_0/Data_Saving_0/FPGABuffer_0/\\DFN1C0_WGRYSYNC[11]\\:D
  Delay (ns):            0.324
  Slack (ns):            0.304
  Arrival (ns):          1.831
  Required (ns):         1.527

Path 46
  From:                  Microcontroller_0/Data_Saving_0/FPGABuffer_0/DFN1C0_1:CLK
  To:                    Microcontroller_0/Data_Saving_0/FPGABuffer_0/\\DFN1C0_RGRYSYNC[2]\\:D
  Delay (ns):            0.324
  Slack (ns):            0.304
  Arrival (ns):          1.858
  Required (ns):         1.554

Path 47
  From:                  Microcontroller_0/Data_Saving_0/FPGABuffer_0/DFN1C0_25:CLK
  To:                    Microcontroller_0/Data_Saving_0/FPGABuffer_0/\\DFN1C0_WGRYSYNC[6]\\:D
  Delay (ns):            0.324
  Slack (ns):            0.304
  Arrival (ns):          1.831
  Required (ns):         1.527

Path 48
  From:                  Microcontroller_0/uC_Status_0/read_byte_0[3]:CLK
  To:                    Microcontroller_0/uC_Status_0/adc_chan14[11]:D
  Delay (ns):            0.337
  Slack (ns):            0.304
  Arrival (ns):          1.925
  Required (ns):         1.621

Path 49
  From:                  Microcontroller_0/Data_Saving_0/FPGABuffer_0/DFN1C0_10:CLK
  To:                    Microcontroller_0/Data_Saving_0/FPGABuffer_0/\\DFN1C0_WGRYSYNC[3]\\:D
  Delay (ns):            0.327
  Slack (ns):            0.305
  Arrival (ns):          1.842
  Required (ns):         1.537

Path 50
  From:                  Microcontroller_0/Data_Saving_0/FPGABuffer_0/DFN1C0_15:CLK
  To:                    Microcontroller_0/Data_Saving_0/FPGABuffer_0/\\DFN1C0_WGRYSYNC[0]\\:D
  Delay (ns):            0.327
  Slack (ns):            0.305
  Arrival (ns):          1.842
  Required (ns):         1.537

Path 51
  From:                  Microcontroller_0/Data_Saving_0/FPGABuffer_0/DFN1C0_11:CLK
  To:                    Microcontroller_0/Data_Saving_0/FPGABuffer_0/\\DFN1C0_WGRYSYNC[5]\\:D
  Delay (ns):            0.324
  Slack (ns):            0.306
  Arrival (ns):          1.824
  Required (ns):         1.518

Path 52
  From:                  Status_Readout_0/send[4]:CLK
  To:                    Communications_0/RMU_UART/tx_hold_reg[4]:D
  Delay (ns):            0.327
  Slack (ns):            0.306
  Arrival (ns):          1.862
  Required (ns):         1.556

Path 53
  From:                  Status_Readout_0/send[0]:CLK
  To:                    Communications_0/RMU_UART/tx_hold_reg[0]:D
  Delay (ns):            0.327
  Slack (ns):            0.306
  Arrival (ns):          1.862
  Required (ns):         1.556

Path 54
  From:                  Communications_0/RMU_UART/tx_hold_reg[4]:CLK
  To:                    Communications_0/RMU_UART/make_TX/tx_byte[4]:D
  Delay (ns):            0.327
  Slack (ns):            0.306
  Arrival (ns):          1.862
  Required (ns):         1.556

Path 55
  From:                  Microcontroller_0/Data_Saving_0/FPGABuffer_0/DFN1C0_27:CLK
  To:                    Microcontroller_0/Data_Saving_0/FPGABuffer_0/\\DFN1C0_WGRYSYNC[9]\\:D
  Delay (ns):            0.327
  Slack (ns):            0.308
  Arrival (ns):          1.833
  Required (ns):         1.525

Path 56
  From:                  Microcontroller_0/Data_Saving_0/FPGABuffer_0/DFN1C0_4:CLK
  To:                    Microcontroller_0/Data_Saving_0/FPGABuffer_0/\\DFN1C0_RGRYSYNC[5]\\:D
  Delay (ns):            0.324
  Slack (ns):            0.310
  Arrival (ns):          1.864
  Required (ns):         1.554

Path 57
  From:                  Microcontroller_0/uC_Status_0/uc_uart_oen:CLK
  To:                    Communications_0/UC_UART/make_RX/receive_full_int:D
  Delay (ns):            0.341
  Slack (ns):            0.317
  Arrival (ns):          1.889
  Required (ns):         1.572

Path 58
  From:                  FFU_Command_Checker_0/rmu_oen:CLK
  To:                    Communications_0/RMU_UART/make_RX/receive_full_int:D
  Delay (ns):            0.342
  Slack (ns):            0.318
  Arrival (ns):          1.890
  Required (ns):         1.572

Path 59
  From:                  Communications_0/RMU_UART/make_RX/rx_shift[3]:CLK
  To:                    Communications_0/RMU_UART/make_RX/rx_byte_xhdl5[3]:D
  Delay (ns):            0.349
  Slack (ns):            0.319
  Arrival (ns):          1.923
  Required (ns):         1.604

Path 60
  From:                  Communications_0/RMU_UART/make_RX/rx_shift[2]:CLK
  To:                    Communications_0/RMU_UART/make_RX/rx_byte_xhdl5[2]:D
  Delay (ns):            0.349
  Slack (ns):            0.319
  Arrival (ns):          1.923
  Required (ns):         1.604

Path 61
  From:                  Communications_0/RMU_UART/make_RX/rx_shift[6]:CLK
  To:                    Communications_0/RMU_UART/make_RX/rx_byte_xhdl5[6]:D
  Delay (ns):            0.349
  Slack (ns):            0.319
  Arrival (ns):          1.923
  Required (ns):         1.604

Path 62
  From:                  Communications_0/RMU_UART/make_RX/rx_shift[7]:CLK
  To:                    Communications_0/RMU_UART/make_RX/rx_byte_xhdl5[7]:D
  Delay (ns):            0.349
  Slack (ns):            0.319
  Arrival (ns):          1.923
  Required (ns):         1.604

Path 63
  From:                  Communications_0/RMU_UART/make_RX/rx_byte_xhdl5[0]:CLK
  To:                    FFU_Command_Checker_0/command_out[0]:D
  Delay (ns):            0.350
  Slack (ns):            0.320
  Arrival (ns):          1.924
  Required (ns):         1.604

Path 64
  From:                  Communications_0/RMU_UART/make_RX/rx_byte_xhdl5[3]:CLK
  To:                    FFU_Command_Checker_0/command_out[3]:D
  Delay (ns):            0.350
  Slack (ns):            0.320
  Arrival (ns):          1.924
  Required (ns):         1.604

Path 65
  From:                  Communications_0/RMU_UART/make_RX/rx_byte_xhdl5[1]:CLK
  To:                    FFU_Command_Checker_0/command_out[1]:D
  Delay (ns):            0.350
  Slack (ns):            0.320
  Arrival (ns):          1.924
  Required (ns):         1.604

Path 66
  From:                  Communications_0/RMU_UART/make_RX/samples[1]:CLK
  To:                    Communications_0/RMU_UART/make_RX/samples[0]:D
  Delay (ns):            0.340
  Slack (ns):            0.321
  Arrival (ns):          1.885
  Required (ns):         1.564

Path 67
  From:                  Communications_0/UC_UART/make_RX/samples[2]:CLK
  To:                    Communications_0/UC_UART/make_RX/samples[1]:D
  Delay (ns):            0.341
  Slack (ns):            0.321
  Arrival (ns):          1.874
  Required (ns):         1.553

Path 68
  From:                  Communications_0/UC_UART/make_RX/samples[1]:CLK
  To:                    Communications_0/UC_UART/make_RX/samples[0]:D
  Delay (ns):            0.341
  Slack (ns):            0.321
  Arrival (ns):          1.874
  Required (ns):         1.553

Path 69
  From:                  Communications_0/UC_UART/make_RX/rx_shift[5]:CLK
  To:                    Communications_0/UC_UART/make_RX/rx_byte_xhdl5[5]:D
  Delay (ns):            0.349
  Slack (ns):            0.323
  Arrival (ns):          1.908
  Required (ns):         1.585

Path 70
  From:                  Communications_0/UC_UART/make_RX/rx_shift[4]:CLK
  To:                    Communications_0/UC_UART/make_RX/rx_byte_xhdl5[4]:D
  Delay (ns):            0.349
  Slack (ns):            0.323
  Arrival (ns):          1.908
  Required (ns):         1.585

Path 71
  From:                  Communications_0/UC_UART/make_RX/rx_byte_xhdl5[0]:CLK
  To:                    Microcontroller_0/uC_Status_0/read_byte[0]:D
  Delay (ns):            0.350
  Slack (ns):            0.324
  Arrival (ns):          1.909
  Required (ns):         1.585

Path 72
  From:                  Communications_0/RMU_UART/make_RX/samples[2]:CLK
  To:                    Communications_0/RMU_UART/make_RX/samples[1]:D
  Delay (ns):            0.346
  Slack (ns):            0.324
  Arrival (ns):          1.891
  Required (ns):         1.567

Path 73
  From:                  Communications_0/UC_UART/make_RX/rx_byte_xhdl5[0]:CLK
  To:                    Microcontroller_0/uC_Status_0/read_byte_0[0]:D
  Delay (ns):            0.350
  Slack (ns):            0.324
  Arrival (ns):          1.909
  Required (ns):         1.585

Path 74
  From:                  Communications_0/UC_UART/make_RX/rx_shift[7]:CLK
  To:                    Communications_0/UC_UART/make_RX/rx_byte_xhdl5[7]:D
  Delay (ns):            0.349
  Slack (ns):            0.325
  Arrival (ns):          1.897
  Required (ns):         1.572

Path 75
  From:                  Communications_0/RMU_UART/make_RX/rx_shift[5]:CLK
  To:                    Communications_0/RMU_UART/make_RX/rx_byte_xhdl5[5]:D
  Delay (ns):            0.349
  Slack (ns):            0.325
  Arrival (ns):          1.897
  Required (ns):         1.572

Path 76
  From:                  General_Controller_0/bootCounter[7]:CLK
  To:                    General_Controller_0/fram_data_out[7]:D
  Delay (ns):            0.342
  Slack (ns):            0.325
  Arrival (ns):          1.863
  Required (ns):         1.538

Path 77
  From:                  Communications_0/RMU_UART/make_RX/rx_shift[4]:CLK
  To:                    Communications_0/RMU_UART/make_RX/rx_byte_xhdl5[4]:D
  Delay (ns):            0.349
  Slack (ns):            0.325
  Arrival (ns):          1.897
  Required (ns):         1.572

Path 78
  From:                  Communications_0/UC_UART/make_RX/rx_shift[2]:CLK
  To:                    Communications_0/UC_UART/make_RX/rx_byte_xhdl5[2]:D
  Delay (ns):            0.360
  Slack (ns):            0.326
  Arrival (ns):          1.958
  Required (ns):         1.632

Path 79
  From:                  Communications_0/UC_UART/make_RX/rx_shift[3]:CLK
  To:                    Communications_0/UC_UART/make_RX/rx_byte_xhdl5[3]:D
  Delay (ns):            0.360
  Slack (ns):            0.326
  Arrival (ns):          1.958
  Required (ns):         1.632

Path 80
  From:                  Communications_0/UC_UART/make_RX/rx_byte_xhdl5[2]:CLK
  To:                    Microcontroller_0/uC_Status_0/read_byte_0[2]:D
  Delay (ns):            0.351
  Slack (ns):            0.327
  Arrival (ns):          1.948
  Required (ns):         1.621

Path 81
  From:                  Status_Readout_0/wen:CLK
  To:                    Communications_0/RMU_UART/tx_hold_reg[1]:E
  Delay (ns):            0.358
  Slack (ns):            0.328
  Arrival (ns):          1.901
  Required (ns):         1.573

Path 82
  From:                  Communications_0/UC_UART/make_RX/rx_byte_xhdl5[2]:CLK
  To:                    Microcontroller_0/uC_Status_0/read_byte[2]:D
  Delay (ns):            0.363
  Slack (ns):            0.328
  Arrival (ns):          1.960
  Required (ns):         1.632

Path 83
  From:                  Microcontroller_0/uC_Status_0/read_byte_0[2]:CLK
  To:                    Microcontroller_0/uC_Status_0/adc_chan5[10]:D
  Delay (ns):            0.324
  Slack (ns):            0.329
  Arrival (ns):          1.912
  Required (ns):         1.583

Path 84
  From:                  Communications_0/UC_UART/make_RX/rx_byte_xhdl5[1]:CLK
  To:                    Microcontroller_0/uC_Status_0/read_byte[1]:D
  Delay (ns):            0.365
  Slack (ns):            0.331
  Arrival (ns):          1.963
  Required (ns):         1.632

Path 85
  From:                  Communications_0/UC_UART/make_RX/rx_byte_xhdl5[1]:CLK
  To:                    Microcontroller_0/uC_Status_0/read_byte_0[1]:D
  Delay (ns):            0.365
  Slack (ns):            0.331
  Arrival (ns):          1.963
  Required (ns):         1.632

Path 86
  From:                  FFU_Command_Checker_0/command_out[0]:CLK
  To:                    General_Controller_0/s_command[0]:D
  Delay (ns):            0.324
  Slack (ns):            0.334
  Arrival (ns):          1.898
  Required (ns):         1.564

Path 87
  From:                  Status_Readout_0/state[3]:CLK
  To:                    Status_Readout_0/prevState[3]:D
  Delay (ns):            0.367
  Slack (ns):            0.335
  Arrival (ns):          1.908
  Required (ns):         1.573

Path 88
  From:                  Communications_0/UC_UART/make_RX/rx_shift[6]:CLK
  To:                    Communications_0/UC_UART/make_RX/rx_byte_xhdl5[6]:D
  Delay (ns):            0.349
  Slack (ns):            0.336
  Arrival (ns):          1.908
  Required (ns):         1.572

Path 89
  From:                  Status_Readout_0/state[0]:CLK
  To:                    Status_Readout_0/prevState[0]:D
  Delay (ns):            0.349
  Slack (ns):            0.339
  Arrival (ns):          1.892
  Required (ns):         1.553

Path 90
  From:                  Status_Readout_0/wen:CLK
  To:                    Communications_0/RMU_UART/make_TX/txrdy_int:D
  Delay (ns):            0.363
  Slack (ns):            0.340
  Arrival (ns):          1.906
  Required (ns):         1.566

Path 91
  From:                  Microcontroller_0/uC_Status_0/read_byte_0[1]:CLK
  To:                    Microcontroller_0/uC_Status_0/adc_chan15[1]:D
  Delay (ns):            0.365
  Slack (ns):            0.341
  Arrival (ns):          1.962
  Required (ns):         1.621

Path 92
  From:                  Microcontroller_0/uC_Status_0/read_byte_0[1]:CLK
  To:                    Microcontroller_0/uC_Status_0/adc_chan14[9]:D
  Delay (ns):            0.365
  Slack (ns):            0.341
  Arrival (ns):          1.962
  Required (ns):         1.621

Path 93
  From:                  Microcontroller_0/Data_Saving_0/FPGABuffer_0/DFN1C0_READ_RESET_P:CLK
  To:                    Microcontroller_0/Data_Saving_0/FPGABuffer_0/DFN1P0_EMPTY:PRE
  Delay (ns):            0.361
  Slack (ns):            0.342
  Arrival (ns):          1.867
  Required (ns):         1.525

Path 94
  From:                  General_Controller_0/bootCounter[2]:CLK
  To:                    General_Controller_0/fram_data_out[2]:D
  Delay (ns):            0.362
  Slack (ns):            0.345
  Arrival (ns):          1.883
  Required (ns):         1.538

Path 95
  From:                  Communications_0/UC_UART/make_Communications_UC_UART_Clock_gen/baud_clock_int:CLK
  To:                    Communications_0/UC_UART/make_Communications_UC_UART_Clock_gen/xmit_cntr[1]:E
  Delay (ns):            0.370
  Slack (ns):            0.346
  Arrival (ns):          1.924
  Required (ns):         1.578

Path 96
  From:                  Communications_0/UC_UART/make_Communications_UC_UART_Clock_gen/baud_clock_int:CLK
  To:                    Communications_0/UC_UART/make_Communications_UC_UART_Clock_gen/xmit_cntr[2]:E
  Delay (ns):            0.370
  Slack (ns):            0.346
  Arrival (ns):          1.924
  Required (ns):         1.578

Path 97
  From:                  General_Controller_0/bootCounter[0]:CLK
  To:                    General_Controller_0/fram_data_out[0]:D
  Delay (ns):            0.366
  Slack (ns):            0.348
  Arrival (ns):          1.889
  Required (ns):         1.541

Path 98
  From:                  Microcontroller_0/Data_Saving_0/FPGABuffer_0/DFN1C0_6:CLK
  To:                    Microcontroller_0/Data_Saving_0/FPGABuffer_0/DFN1C0_READ_RESET_P:D
  Delay (ns):            0.367
  Slack (ns):            0.348
  Arrival (ns):          1.873
  Required (ns):         1.525

Path 99
  From:                  Communications_0/UC_UART/make_RX/receive_full_int:CLK
  To:                    Communications_0/UC_UART/rxrdy_xhdl4:D
  Delay (ns):            0.373
  Slack (ns):            0.349
  Arrival (ns):          1.921
  Required (ns):         1.572

Path 100
  From:                  Microcontroller_0/uC_Status_0/read_byte[3]:CLK
  To:                    Microcontroller_0/uC_Status_0/adc_chan7[11]:D
  Delay (ns):            0.378
  Slack (ns):            0.349
  Arrival (ns):          1.936
  Required (ns):         1.587

