Microsemi Libero Software
Version: 11.9.6.7
Release: v11.9 SP6

Info: The design
      C:/Users/rudol/Desktop/KTH_TEBSM/Master_Thesis/Code/Langmuir-DataHub-EMUScience-FPGA/desi\
      gner/impl1/Toplevel.adb was last modified by software version 11.9.6.7.
Opened an existing Libero design
C:/Users/rudol/Desktop/KTH_TEBSM/Master_Thesis/Code/Langmuir-DataHub-EMUScience-FPGA/designer/i\
mpl1/Toplevel.adb.

The Export-map command succeeded ( 00:00:12 )
Wrote to the file:
C:\Users\rudol\Desktop\KTH_TEBSM\Master_Thesis\Code\Langmuir-DataHub-EMUScience-FPGA\designer\i\
mpl1\Toplevel.pdb
CHECKSUM: A045

The Generate programming file command succeeded ( 00:00:13 )
Design saved to file
C:/Users/rudol/Desktop/KTH_TEBSM/Master_Thesis/Code/Langmuir-DataHub-EMUScience-FPGA/designer/i\
mpl1/Toplevel.adb.

The Execute Script command succeeded ( 00:00:18 )
Design closed.

