FlashPro
Version: 11.9.6.7
Release: v11.9 SP6

Software Version: 11.9.6.7
PDB file
'C:\Users\rudol\Desktop\KTH_TEBSM\Master_Thesis\Code\Langmuir-DataHub-EMUScience-FPGA\designer\\
impl1\Toplevel.pdb' has been loaded successfully.
DESIGN : Toplevel;  CHECKSUM : A045;  PDB_VERSION : 1.9
programmer 'S20059HUMJ' : FlashPro5
Opened
'C:\Users\rudol\Desktop\KTH_TEBSM\Master_Thesis\Code\Langmuir-DataHub-EMUScience-FPGA\designer\\
impl1\Toplevel_fp\Toplevel.pro'
The 'open_project' command succeeded.
The 'set_programming_action' command succeeded.
programmer 'S20059HUMJ' : Scan Chain...
programmer 'S20059HUMJ' : Scan Chain PASSED.
programmer 'S20059HUMJ' : Executing action PROGRAM
programmer 'S20059HUMJ' : EXPORT FSN[48] = 00292f14a08d
programmer 'S20059HUMJ' : Erase ...
programmer 'S20059HUMJ' : Completed erase
programmer 'S20059HUMJ' : EXPORT CHECKSUM[16] = a045
programmer 'S20059HUMJ' : Programming FPGA Array
programmer 'S20059HUMJ' : Verifying FPGA Array
programmer 'S20059HUMJ' :         Verifying FPGA Array -- pass
programmer 'S20059HUMJ' : Finished: Wed Apr 24 16:10:44 2024 (Elapsed time 00:01:08)
programmer 'S20059HUMJ' : Executing action PROGRAM PASSED.

                        o - o - o - o - o - o

The 'run_selected_actions' command succeeded.
Project saved.
The 'save_project' command succeeded.
Project closed.
