# Synopsys Constraint Checker(syntax only), version mapact, Build 2172R, built Oct 30 2017
# Copyright (C) 1994-2017 Synopsys, Inc. This Synopsys software and all associated documentation are proprietary to Synopsys, Inc. and may only be used pursuant to the terms and conditions of a written license agreement with Synopsys, Inc. All other use, reproduction, modification, or distribution of the Synopsys software or the associated documentation is strictly prohibited.

# Written on Sun Mar 23 23:25:47 2025


##### DESIGN INFO #######################################################

Top View:                "Toplevel"
Constraint File(s):      (none)

#Run constraint checker to find more issues with constraints.
#########################################################################



No issues found in constraint syntax.



Clock Summary
*************

Start                                   Requested     Requested     Clock        Clock                   Clock
Clock                                   Frequency     Period        Type         Group                   Load 
--------------------------------------------------------------------------------------------------------------
ClockDivs|clk_1kHz_inferred_clock       32.0 MHz      31.250        inferred     Inferred_clkgroup_6     7    
ClockDivs|clk_50Hz_inferred_clock       32.0 MHz      31.250        inferred     Inferred_clkgroup_7     6    
ClockDivs|clk_800kHz_inferred_clock     32.0 MHz      31.250        inferred     Inferred_clkgroup_1     126  
DAC_SET|ADR_inferred_clock[1]           32.0 MHz      31.250        inferred     Inferred_clkgroup_2     39   
Timing|m_time_inferred_clock[7]         32.0 MHz      31.250        inferred     Inferred_clkgroup_4     35   
Timing|s_time_inferred_clock[5]         32.0 MHz      31.250        inferred     Inferred_clkgroup_3     5    
Toplevel|CLOCK                          32.0 MHz      31.250        inferred     Inferred_clkgroup_0     1490 
Toplevel|FMC_CLK                        32.0 MHz      31.250        inferred     Inferred_clkgroup_5     54   
==============================================================================================================
