C:\Microsemi\Libero_SoC_v11.9\SynplifyPro\bin64\c_hdl.exe  -osyn  C:\Users\Jesus\Documents\KTH\ROMEO\Repositories\LP-Software-FPGA\synthesis\synwork\Toplevel_comp.srs  -top  work.Toplevel  -hdllog  C:\Users\Jesus\Documents\KTH\ROMEO\Repositories\LP-Software-FPGA\synthesis\synlog\Toplevel_compiler.srr  -encrypt  -mp  4  -verification_mode 0  -vhdl  -prodtype  synplify_pro  -nram -fixsmult -divnmod  -encrypt  -pro  -dmgen  C:\Users\Jesus\Documents\KTH\ROMEO\Repositories\LP-Software-FPGA\synthesis\dm  -lite -ui -fid2 -ram -sharing on -ll 2000 -autosm  -vhdl2008  -ignore_undefined_lib  -lib work C:\Users\Jesus\Documents\KTH\ROMEO\Repositories\LP-Software-FPGA\hdl\ClockDivs.vhd -lib work C:\Users\Jesus\Documents\KTH\ROMEO\Repositories\LP-Software-FPGA\hdl\FFU_Command_Checker.vhd -lib work C:\Users\Jesus\Documents\KTH\ROMEO\Repositories\LP-Software-FPGA\hdl\UART.vhd -lib work C:\Users\Jesus\Documents\KTH\ROMEO\Repositories\LP-Software-FPGA\hdl\UART_Ext2uC_Switch.vhd -lib work C:\Users\Jesus\Documents\KTH\ROMEO\Repositories\LP-Software-FPGA\component\work\Communications\Communications.vhd -lib work C:\Users\Jesus\Documents\KTH\ROMEO\Repositories\LP-Software-FPGA\hdl\Data_Hub_Packets.vhd -lib work C:\Users\Jesus\Documents\KTH\ROMEO\Repositories\LP-Software-FPGA\smartgen\FPGA_Buffer\FPGA_Buffer.vhd -lib work C:\Users\Jesus\Documents\KTH\ROMEO\Repositories\LP-Software-FPGA\hdl\Interrupt_Generator.vhd -lib work C:\Users\Jesus\Documents\KTH\ROMEO\Repositories\LP-Software-FPGA\hdl\Packet_Saver.vhd -lib work C:\Users\Jesus\Documents\KTH\ROMEO\Repositories\LP-Software-FPGA\component\work\Data_Saving\Data_Saving.vhd -lib work C:\Users\Jesus\Documents\KTH\ROMEO\Repositories\LP-Software-FPGA\hdl\Eject_Signal_Debounce.vhd -lib work C:\Users\Jesus\Documents\KTH\ROMEO\Repositories\LP-Software-FPGA\hdl\GS_Readout.vhd -lib work C:\Users\Jesus\Documents\KTH\ROMEO\Repositories\LP-Software-FPGA\hdl\General_Controller.vhd -lib work C:\Users\Jesus\Documents\KTH\ROMEO\Repositories\LP-Software-FPGA\hdl\I2C_PassThrough.vhd -lib work C:\Users\Jesus\Documents\KTH\ROMEO\Repositories\LP-Software-FPGA\hdl\Pressure_Signal_Debounce.vhd -lib work C:\Users\Jesus\Documents\KTH\ROMEO\Repositories\LP-Software-FPGA\hdl\ADC_READ.vhd -lib work C:\Users\Jesus\Documents\KTH\ROMEO\Repositories\LP-Software-FPGA\hdl\ADC_RESET.vhd -lib work C:\Users\Jesus\Documents\KTH\ROMEO\Repositories\LP-Software-FPGA\hdl\DAC_SET.vhd -lib work C:\Users\Jesus\Documents\KTH\ROMEO\Repositories\LP-Software-FPGA\hdl\SET_LP_GAIN.vhd -lib work C:\Users\Jesus\Documents\KTH\ROMEO\Repositories\LP-Software-FPGA\hdl\SWEEP_SPIDER2.vhd -lib work C:\Users\Jesus\Documents\KTH\ROMEO\Repositories\LP-Software-FPGA\component\work\Science\Science.vhd -lib work C:\Users\Jesus\Documents\KTH\ROMEO\Repositories\LP-Software-FPGA\hdl\I2C_Master.vhd -lib work C:\Users\Jesus\Documents\KTH\ROMEO\Repositories\LP-Software-FPGA\hdl\LSM303AGR_I2C_Interface.vhd -lib work C:\Users\Jesus\Documents\KTH\ROMEO\Repositories\LP-Software-FPGA\component\work\Accelerometer\Accelerometer.vhd -lib work C:\Users\Jesus\Documents\KTH\ROMEO\Repositories\LP-Software-FPGA\hdl\L3GD20H_Interface.vhd -lib work C:\Users\Jesus\Documents\KTH\ROMEO\Repositories\LP-Software-FPGA\component\work\Gyro\Gyro.vhd -lib work C:\Users\Jesus\Documents\KTH\ROMEO\Repositories\LP-Software-FPGA\hdl\MS5611_01BA03_Interface.vhd -lib work C:\Users\Jesus\Documents\KTH\ROMEO\Repositories\LP-Software-FPGA\component\work\Pressure_Sensor\Pressure_Sensor.vhd -lib work C:\Users\Jesus\Documents\KTH\ROMEO\Repositories\LP-Software-FPGA\component\work\Sensors\Sensors.vhd -lib work C:\Users\Jesus\Documents\KTH\ROMEO\Repositories\LP-Software-FPGA\smartgen\SweepTable\SweepTable.vhd -lib work C:\Users\Jesus\Documents\KTH\ROMEO\Repositories\LP-Software-FPGA\hdl\TableSelect.vhd -lib work C:\Users\Jesus\Documents\KTH\ROMEO\Repositories\LP-Software-FPGA\hdl\Timekeeper.vhd -lib work C:\Users\Jesus\Documents\KTH\ROMEO\Repositories\LP-Software-FPGA\hdl\Timing.vhd -lib work C:\Users\Jesus\Documents\KTH\ROMEO\Repositories\LP-Software-FPGA\component\work\Toplevel\Toplevel.vhd 
relcom:..\..\..\..\..\..\..\..\..\Microsemi\Libero_SoC_v11.9\SynplifyPro\bin64\c_hdl.exe -osyn ..\synwork\Toplevel_comp.srs -top work.Toplevel -hdllog ..\synlog\Toplevel_compiler.srr -encrypt -mp 4 -verification_mode 0 -vhdl -prodtype synplify_pro -nram -fixsmult -divnmod -encrypt -pro -dmgen ..\dm -lite -ui -fid2 -ram -sharing on -ll 2000 -autosm -vhdl2008 -ignore_undefined_lib -lib work ..\..\hdl\ClockDivs.vhd -lib work ..\..\hdl\FFU_Command_Checker.vhd -lib work ..\..\hdl\UART.vhd -lib work ..\..\hdl\UART_Ext2uC_Switch.vhd -lib work ..\..\component\work\Communications\Communications.vhd -lib work ..\..\hdl\Data_Hub_Packets.vhd -lib work ..\..\smartgen\FPGA_Buffer\FPGA_Buffer.vhd -lib work ..\..\hdl\Interrupt_Generator.vhd -lib work ..\..\hdl\Packet_Saver.vhd -lib work ..\..\component\work\Data_Saving\Data_Saving.vhd -lib work ..\..\hdl\Eject_Signal_Debounce.vhd -lib work ..\..\hdl\GS_Readout.vhd -lib work ..\..\hdl\General_Controller.vhd -lib work ..\..\hdl\I2C_PassThrough.vhd -lib work ..\..\hdl\Pressure_Signal_Debounce.vhd -lib work ..\..\hdl\ADC_READ.vhd -lib work ..\..\hdl\ADC_RESET.vhd -lib work ..\..\hdl\DAC_SET.vhd -lib work ..\..\hdl\SET_LP_GAIN.vhd -lib work ..\..\hdl\SWEEP_SPIDER2.vhd -lib work ..\..\component\work\Science\Science.vhd -lib work ..\..\hdl\I2C_Master.vhd -lib work ..\..\hdl\LSM303AGR_I2C_Interface.vhd -lib work ..\..\component\work\Accelerometer\Accelerometer.vhd -lib work ..\..\hdl\L3GD20H_Interface.vhd -lib work ..\..\component\work\Gyro\Gyro.vhd -lib work ..\..\hdl\MS5611_01BA03_Interface.vhd -lib work ..\..\component\work\Pressure_Sensor\Pressure_Sensor.vhd -lib work ..\..\component\work\Sensors\Sensors.vhd -lib work ..\..\smartgen\SweepTable\SweepTable.vhd -lib work ..\..\hdl\TableSelect.vhd -lib work ..\..\hdl\Timekeeper.vhd -lib work ..\..\hdl\Timing.vhd -lib work ..\..\component\work\Toplevel\Toplevel.vhd
rc:0 success:1 runtime:4
file:..\synwork\Toplevel_comp.srs|io:o|time:1742314750|size:160843|exec:0|csum:
file:..\synlog\Toplevel_compiler.srr|io:o|time:1742314750|size:94348|exec:0|csum:
file:..\..\hdl\ClockDivs.vhd|io:i|time:1742314088|size:3821|exec:0|csum:49AF3BE0A68DDA8AA6E08E78BD80B60A
file:..\..\hdl\FFU_Command_Checker.vhd|io:i|time:1742314088|size:2776|exec:0|csum:103D1B07FA29FEB9E15390AA39BBAF0A
file:..\..\hdl\UART.vhd|io:i|time:1742314089|size:5989|exec:0|csum:10094A9BFD49A59DBE71577183D34176
file:..\..\hdl\UART_Ext2uC_Switch.vhd|io:i|time:1742314089|size:1224|exec:0|csum:89D29AAAF66FB54C07EF27FEBE2CFEC3
file:..\..\component\work\Communications\Communications.vhd|io:i|time:1742314093|size:8212|exec:0|csum:9B030E9603B240710F4A15CE877739FA
file:..\..\hdl\Data_Hub_Packets.vhd|io:i|time:1742314088|size:2845|exec:0|csum:3DA659260140A9EA6620CEAB643CD180
file:..\..\smartgen\FPGA_Buffer\FPGA_Buffer.vhd|io:i|time:1742314090|size:74275|exec:0|csum:40EB2B66CC9F5841C54EBAFD2240A2D2
file:..\..\hdl\Interrupt_Generator.vhd|io:i|time:1742314089|size:1395|exec:0|csum:1AAF570858C7178623EE3E10B5D6B4FE
file:..\..\hdl\Packet_Saver.vhd|io:i|time:1742314089|size:12984|exec:0|csum:E63FC11BB178AAFDA1AF9570170EB94E
file:..\..\component\work\Data_Saving\Data_Saving.vhd|io:i|time:1742314094|size:8866|exec:0|csum:7564CBE14666B0CD6A19C847D4AC7AC9
file:..\..\hdl\Eject_Signal_Debounce.vhd|io:i|time:1742314088|size:2896|exec:0|csum:52FF6D394A20AAF8AE814B8DA1A4FDB2
file:..\..\hdl\GS_Readout.vhd|io:i|time:1742314088|size:10013|exec:0|csum:AF2624E652F6F1E54B3CAF03DDFCEB52
file:..\..\hdl\General_Controller.vhd|io:i|time:1742314391|size:55476|exec:0|csum:396672A9A0CF08F6E2922D211AFF0980
file:..\..\hdl\I2C_PassThrough.vhd|io:i|time:1742314088|size:3261|exec:0|csum:9D7558CB4BE92D005EACD488F4063670
file:..\..\hdl\Pressure_Signal_Debounce.vhd|io:i|time:1742314089|size:2649|exec:0|csum:33E1FDB4B937D454A403F91A59396C90
file:..\..\hdl\ADC_READ.vhd|io:i|time:1742314088|size:16764|exec:0|csum:4B018F574CD9F676478EA9D9967959AF
file:..\..\hdl\ADC_RESET.vhd|io:i|time:1742314088|size:1749|exec:0|csum:0947AF36FAB6E7610BE7BE088C5EBDED
file:..\..\hdl\DAC_SET.vhd|io:i|time:1742314088|size:4231|exec:0|csum:BFDC24EE37589FE6A6641C1F3419E11E
file:..\..\hdl\SET_LP_GAIN.vhd|io:i|time:1742314089|size:3995|exec:0|csum:14C743FC0C76E34CDFBFA111E7BC8204
file:..\..\hdl\SWEEP_SPIDER2.vhd|io:i|time:1742314089|size:8962|exec:0|csum:35AD2D3C368F13A0569E443D2A210D4A
file:..\..\component\work\Science\Science.vhd|io:i|time:1742314094|size:15104|exec:0|csum:5DA291E86BCCF22E7CB375EBF3533375
file:..\..\hdl\I2C_Master.vhd|io:i|time:1742314088|size:7089|exec:0|csum:E4362B1F4D1550F87BD70DDFBD7F48EB
file:..\..\hdl\LSM303AGR_I2C_Interface.vhd|io:i|time:1742314089|size:18039|exec:0|csum:382EFE5B3FB755BA545957FC59ABF2FC
file:..\..\component\work\Accelerometer\Accelerometer.vhd|io:i|time:1742314093|size:10760|exec:0|csum:56339014D37DE94E49E82FDB9612E46E
file:..\..\hdl\L3GD20H_Interface.vhd|io:i|time:1742314089|size:11395|exec:0|csum:762EFC7494DC3542856A4152156BDD82
file:..\..\component\work\Gyro\Gyro.vhd|io:i|time:1742314094|size:8503|exec:0|csum:013A13A54A9ECB520F43D2B9466F6362
file:..\..\hdl\MS5611_01BA03_Interface.vhd|io:i|time:1742314089|size:16467|exec:0|csum:66A2A74490E5F2B60B496436C30491DE
file:..\..\component\work\Pressure_Sensor\Pressure_Sensor.vhd|io:i|time:1742314094|size:11401|exec:0|csum:E013B76CA31C4BF436EA221D407DBF99
file:..\..\component\work\Sensors\Sensors.vhd|io:i|time:1742314094|size:16586|exec:0|csum:4A4883CE25A8C4A339B830B29C374D37
file:..\..\smartgen\SweepTable\SweepTable.vhd|io:i|time:1742314090|size:6490|exec:0|csum:D1677646529F54BA03DCD51086D1A5AA
file:..\..\hdl\TableSelect.vhd|io:i|time:1742314089|size:1839|exec:0|csum:DD7FB6BEEEF052D37FBD9E1F504602D4
file:..\..\hdl\Timekeeper.vhd|io:i|time:1742314089|size:1902|exec:0|csum:9E538938A645419975DA7D82DD31C2FD
file:..\..\hdl\Timing.vhd|io:i|time:1742314089|size:2779|exec:0|csum:847DAD90B9C9B3D02A87066CB924A999
file:..\..\component\work\Toplevel\Toplevel.vhd|io:i|time:1742314713|size:61188|exec:0|csum:4419ADB8B09FAFE5C5B1A159E5DC2A24
file:..\..\..\..\..\..\..\..\..\Microsemi\Libero_SoC_v11.9\SynplifyPro\bin\c_hdl.exe|io:i|time:1509008116|size:1338368|exec:1|csum:4BE9471CC8F1F34D3F79DD6F3C07C7F5
file:..\..\..\..\..\..\..\..\..\Microsemi\Libero_SoC_v11.9\SynplifyPro\bin64\c_hdl.exe|io:i|time:1509008324|size:1754112|exec:1|csum:0724D6BF71D325162DC071CC1383571C
