# Reading C:/Microsemi/Libero_SoC_v11.9/Modelsim/tcl/vsim/pref.tcl
# do run.do
# INFO: Simulation library presynth already exists
# Model Technology ModelSim Microsemi vmap 10.5c Lib Mapping Utility 2016.07 Jul 21 2016
# vmap presynth presynth 
# Modifying modelsim.ini
# Model Technology ModelSim Microsemi vmap 10.5c Lib Mapping Utility 2016.07 Jul 21 2016
# vmap proasic3 C:/Microsemi/Libero_SoC_v11.9/Designer/lib/modelsim/precompiled/vhdl/proasic3 
# Modifying modelsim.ini
# Model Technology ModelSim Microsemi vcom 10.5c Compiler 2016.07 Jul 21 2016
# Start time: 22:49:00 on Mar 05,2025
# vcom -reportprogress 300 -2008 -explicit -work presynth C:/Users/Jesus/Documents/KTH/ROMEO/test_vhdl/Master-Thesis-Code-FPGA/hdl/SWEEP_SPIDER2.vhd 
# -- Loading package STANDARD
# -- Loading package TEXTIO
# -- Loading package std_logic_1164
# -- Loading package std_logic_arith
# -- Loading package STD_LOGIC_UNSIGNED
# -- Loading package NUMERIC_STD
# -- Compiling entity SWEEP_SPIDER2
# -- Compiling architecture architecture_SWEEP_SPIDER2 of SWEEP_SPIDER2
# End time: 22:49:00 on Mar 05,2025, Elapsed time: 0:00:00
# Errors: 0, Warnings: 0
# Model Technology ModelSim Microsemi vcom 10.5c Compiler 2016.07 Jul 21 2016
# Start time: 22:49:00 on Mar 05,2025
# vcom -reportprogress 300 -2008 -explicit -work presynth C:/Users/Jesus/Documents/KTH/ROMEO/test_vhdl/Master-Thesis-Code-FPGA/stimulus/ROMEO  SWEEP TEST.vhd 
# -- Loading package STANDARD
# -- Loading package TEXTIO
# -- Loading package std_logic_1164
# ** Error: C:/Users/Jesus/Documents/KTH/ROMEO/test_vhdl/Master-Thesis-Code-FPGA/stimulus/ROMEO  SWEEP TEST.vhd(32): near "SWEEP": (vcom-1576) expecting IS.
# End time: 22:49:00 on Mar 05,2025, Elapsed time: 0:00:00
# Errors: 1, Warnings: 0
# ** Error: C:/Microsemi/Libero_SoC_v11.9/Modelsim/win32acoem/vcom failed.
# Error in macro ./run.do line 14
# C:/Microsemi/Libero_SoC_v11.9/Modelsim/win32acoem/vcom failed.
#     while executing
# "vcom -2008 -explicit  -work presynth "${PROJECT_DIR}/stimulus/ROMEO  SWEEP TEST.vhd""
# Load canceled
