Target Part: A3P250_VQFP100_STD
Report for cell Toplevel.rtl
  Core Cell usage:
              cell count     area count*area
              AND2    91      1.0       91.0
             AND2A     1      1.0        1.0
              AND3    14      1.0       14.0
               AO1   161      1.0      161.0
              AO1A    79      1.0       79.0
              AO1B    15      1.0       15.0
              AO1C    24      1.0       24.0
              AO1D    24      1.0       24.0
              AOI1    19      1.0       19.0
             AOI1B     8      1.0        8.0
               AX1    14      1.0       14.0
              AX1A     2      1.0        2.0
              AX1B     9      1.0        9.0
              AX1C    45      1.0       45.0
              AX1D     5      1.0        5.0
              AX1E     1      1.0        1.0
              AXO5     3      1.0        3.0
             AXOI3     1      1.0        1.0
             AXOI4     2      1.0        2.0
             AXOI5     1      1.0        1.0
             AXOI7     4      1.0        4.0
              BUFF     2      1.0        2.0
            CLKINT     6      0.0        0.0
               GND    38      0.0        0.0
               INV    23      1.0       23.0
              MAJ3     4      1.0        4.0
             MIN3X     2      1.0        2.0
               MX2   390      1.0      390.0
              MX2A    34      1.0       34.0
              MX2B     8      1.0        8.0
              MX2C    10      1.0       10.0
             NAND2     2      1.0        2.0
            NAND3A     4      1.0        4.0
              NOR2   175      1.0      175.0
             NOR2A   332      1.0      332.0
             NOR2B   460      1.0      460.0
              NOR3    38      1.0       38.0
             NOR3A   160      1.0      160.0
             NOR3B   175      1.0      175.0
             NOR3C   176      1.0      176.0
               OA1    68      1.0       68.0
              OA1A    30      1.0       30.0
              OA1B    29      1.0       29.0
              OA1C    55      1.0       55.0
              OAI1     8      1.0        8.0
               OR2   270      1.0      270.0
              OR2A   120      1.0      120.0
              OR2B    48      1.0       48.0
               OR3   194      1.0      194.0
              OR3A    49      1.0       49.0
              OR3B    22      1.0       22.0
              OR3C     9      1.0        9.0
               VCC    38      0.0        0.0
               XA1    11      1.0       11.0
              XA1A     6      1.0        6.0
              XA1B   121      1.0      121.0
              XA1C    12      1.0       12.0
             XNOR2    56      1.0       56.0
             XNOR3    26      1.0       26.0
               XO1    29      1.0       29.0
              XO1A     6      1.0        6.0
              XOR2   304      1.0      304.0
              XOR3    11      1.0       11.0


          DFI1E1C1     2      1.0        2.0
            DFN0C1    43      1.0       43.0
            DFN0E0     6      1.0        6.0
          DFN0E0C1     3      1.0        3.0
          DFN0E0P1     6      1.0        6.0
            DFN0E1     3      1.0        3.0
          DFN0E1C1    78      1.0       78.0
            DFN0P1    17      1.0       17.0
              DFN1    55      1.0       55.0
            DFN1C0    83      1.0       83.0
            DFN1C1   196      1.0      196.0
            DFN1E0   127      1.0      127.0
          DFN1E0C1    92      1.0       92.0
          DFN1E0P1     6      1.0        6.0
            DFN1E1   124      1.0      124.0
          DFN1E1C0     8      1.0        8.0
          DFN1E1C1   502      1.0      502.0
          DFN1E1P1    22      1.0       22.0
            DFN1P0     1      1.0        1.0
            DFN1P1    46      1.0       46.0
              DLN0    16      1.0       16.0
            RAM4K9     4      0.0        0.0
         RAM512X18     2      0.0        0.0
                   -----          ----------
             TOTAL  5526              5438.0


  IO Cell usage:
              cell count
             BIBUF     5
             INBUF    12
            OUTBUF    32
           TRIBUFF     1
                   -----
             TOTAL    50


Core Cells         : 5438 of 6144 (89%)
IO Cells           : 50

  RAM/ROM Usage Summary
Block Rams : 6 of 8 (75%)

